Analysis & Synthesis report for PROCESSADOR
Thu Nov 01 12:27:20 2018
Quartus Prime Version 17.0.0 Build 595 04/25/2017 SJ Lite Edition


---------------------
; Table of Contents ;
---------------------
  1. Legal Notice
  2. Analysis & Synthesis Summary
  3. Analysis & Synthesis Settings
  4. Parallel Compilation
  5. Analysis & Synthesis Source Files Read
  6. Analysis & Synthesis Resource Usage Summary
  7. Analysis & Synthesis Resource Utilization by Entity
  8. User-Specified and Inferred Latches
  9. General Register Statistics
 10. Multiplexer Restructuring Statistics (Restructuring Performed)
 11. Post-Synthesis Netlist Statistics for Top Partition
 12. Elapsed Time Per Partition
 13. Analysis & Synthesis Messages



----------------
; Legal Notice ;
----------------
Copyright (C) 2017  Intel Corporation. All rights reserved.
Your use of Intel Corporation's design tools, logic functions 
and other software and tools, and its AMPP partner logic 
functions, and any output files from any of the foregoing 
(including device programming or simulation files), and any 
associated documentation or information are expressly subject 
to the terms and conditions of the Intel Program License 
Subscription Agreement, the Intel Quartus Prime License Agreement,
the Intel MegaCore Function License Agreement, or other 
applicable license agreement, including, without limitation, 
that your use is for the sole purpose of programming logic 
devices manufactured by Intel and sold by Intel or its 
authorized distributors.  Please refer to the applicable 
agreement for further details.



+---------------------------------------------------------------------------------+
; Analysis & Synthesis Summary                                                    ;
+-----------------------------------+---------------------------------------------+
; Analysis & Synthesis Status       ; Successful - Thu Nov 01 12:27:20 2018       ;
; Quartus Prime Version             ; 17.0.0 Build 595 04/25/2017 SJ Lite Edition ;
; Revision Name                     ; PROCESSADOR                                 ;
; Top-level Entity Name             ; CONTROL                                     ;
; Family                            ; Arria II GX                                 ;
; Logic utilization                 ; N/A                                         ;
;     Combinational ALUTs           ; 42                                          ;
;     Memory ALUTs                  ; 0                                           ;
;     Dedicated logic registers     ; 0                                           ;
; Total registers                   ; 0                                           ;
; Total pins                        ; 20                                          ;
; Total virtual pins                ; 0                                           ;
; Total block memory bits           ; 0                                           ;
; DSP block 18-bit elements         ; 0                                           ;
; Total GXB Receiver Channel PCS    ; 0                                           ;
; Total GXB Receiver Channel PMA    ; 0                                           ;
; Total GXB Transmitter Channel PCS ; 0                                           ;
; Total GXB Transmitter Channel PMA ; 0                                           ;
; Total PLLs                        ; 0                                           ;
; Total DLLs                        ; 0                                           ;
+-----------------------------------+---------------------------------------------+


+---------------------------------------------------------------------------------------------------------------------------+
; Analysis & Synthesis Settings                                                                                             ;
+---------------------------------------------------------------------------------+--------------------+--------------------+
; Option                                                                          ; Setting            ; Default Value      ;
+---------------------------------------------------------------------------------+--------------------+--------------------+
; Top-level entity name                                                           ; CONTROL            ; PROCESSADOR        ;
; Family name                                                                     ; Arria II GX        ; Cyclone V          ;
; Use smart compilation                                                           ; Off                ; Off                ;
; Enable parallel Assembler and TimeQuest Timing Analyzer during compilation      ; On                 ; On                 ;
; Enable compact report table                                                     ; Off                ; Off                ;
; Restructure Multiplexers                                                        ; Auto               ; Auto               ;
; MLAB Add Timing Constraints For Mixed-Port Feed-Through Mode Setting Don't Care ; Off                ; Off                ;
; Create Debugging Nodes for IP Cores                                             ; Off                ; Off                ;
; Preserve fewer node names                                                       ; On                 ; On                 ;
; OpenCore Plus hardware evaluation                                               ; Enable             ; Enable             ;
; Verilog Version                                                                 ; Verilog_2001       ; Verilog_2001       ;
; VHDL Version                                                                    ; VHDL_1993          ; VHDL_1993          ;
; State Machine Processing                                                        ; Auto               ; Auto               ;
; Safe State Machine                                                              ; Off                ; Off                ;
; Extract Verilog State Machines                                                  ; On                 ; On                 ;
; Extract VHDL State Machines                                                     ; On                 ; On                 ;
; Ignore Verilog initial constructs                                               ; Off                ; Off                ;
; Iteration limit for constant Verilog loops                                      ; 5000               ; 5000               ;
; Iteration limit for non-constant Verilog loops                                  ; 250                ; 250                ;
; Add Pass-Through Logic to Inferred RAMs                                         ; On                 ; On                 ;
; Infer RAMs from Raw Logic                                                       ; On                 ; On                 ;
; Parallel Synthesis                                                              ; On                 ; On                 ;
; DSP Block Balancing                                                             ; Auto               ; Auto               ;
; NOT Gate Push-Back                                                              ; On                 ; On                 ;
; Power-Up Don't Care                                                             ; On                 ; On                 ;
; Remove Redundant Logic Cells                                                    ; Off                ; Off                ;
; Remove Duplicate Registers                                                      ; On                 ; On                 ;
; Ignore CARRY Buffers                                                            ; Off                ; Off                ;
; Ignore CASCADE Buffers                                                          ; Off                ; Off                ;
; Ignore GLOBAL Buffers                                                           ; Off                ; Off                ;
; Ignore ROW GLOBAL Buffers                                                       ; Off                ; Off                ;
; Ignore LCELL Buffers                                                            ; Off                ; Off                ;
; Ignore SOFT Buffers                                                             ; On                 ; On                 ;
; Limit AHDL Integers to 32 Bits                                                  ; Off                ; Off                ;
; Optimization Technique                                                          ; Balanced           ; Balanced           ;
; Carry Chain Length                                                              ; 70                 ; 70                 ;
; Auto Carry Chains                                                               ; On                 ; On                 ;
; Auto Open-Drain Pins                                                            ; On                 ; On                 ;
; Perform WYSIWYG Primitive Resynthesis                                           ; Off                ; Off                ;
; Auto ROM Replacement                                                            ; On                 ; On                 ;
; Auto RAM Replacement                                                            ; On                 ; On                 ;
; Auto DSP Block Replacement                                                      ; On                 ; On                 ;
; Auto Shift Register Replacement                                                 ; Auto               ; Auto               ;
; Allow Shift Register Merging across Hierarchies                                 ; Auto               ; Auto               ;
; Auto Clock Enable Replacement                                                   ; On                 ; On                 ;
; Strict RAM Replacement                                                          ; Off                ; Off                ;
; Allow Synchronous Control Signals                                               ; On                 ; On                 ;
; Force Use of Synchronous Clear Signals                                          ; Off                ; Off                ;
; Auto RAM Block Balancing                                                        ; On                 ; On                 ;
; Auto RAM to Logic Cell Conversion                                               ; Off                ; Off                ;
; Auto Resource Sharing                                                           ; Off                ; Off                ;
; Allow Any RAM Size For Recognition                                              ; Off                ; Off                ;
; Allow Any ROM Size For Recognition                                              ; Off                ; Off                ;
; Allow Any Shift Register Size For Recognition                                   ; Off                ; Off                ;
; Use LogicLock Constraints during Resource Balancing                             ; On                 ; On                 ;
; Ignore translate_off and synthesis_off directives                               ; Off                ; Off                ;
; Timing-Driven Synthesis                                                         ; On                 ; On                 ;
; Report Parameter Settings                                                       ; On                 ; On                 ;
; Report Source Assignments                                                       ; On                 ; On                 ;
; Report Connectivity Checks                                                      ; On                 ; On                 ;
; Ignore Maximum Fan-Out Assignments                                              ; Off                ; Off                ;
; Synchronization Register Chain Length                                           ; 3                  ; 3                  ;
; PowerPlay Power Optimization During Synthesis                                   ; Normal compilation ; Normal compilation ;
; HDL message level                                                               ; Level2             ; Level2             ;
; Suppress Register Optimization Related Messages                                 ; Off                ; Off                ;
; Number of Removed Registers Reported in Synthesis Report                        ; 5000               ; 5000               ;
; Number of Swept Nodes Reported in Synthesis Report                              ; 5000               ; 5000               ;
; Number of Inverted Registers Reported in Synthesis Report                       ; 100                ; 100                ;
; Clock MUX Protection                                                            ; On                 ; On                 ;
; Auto Gated Clock Conversion                                                     ; Off                ; Off                ;
; Block Design Naming                                                             ; Auto               ; Auto               ;
; SDC constraint protection                                                       ; Off                ; Off                ;
; Synthesis Effort                                                                ; Auto               ; Auto               ;
; Shift Register Replacement - Allow Asynchronous Clear Signal                    ; On                 ; On                 ;
; Pre-Mapping Resynthesis Optimization                                            ; Off                ; Off                ;
; Analysis & Synthesis Message Level                                              ; Medium             ; Medium             ;
; Disable Register Merging Across Hierarchies                                     ; Auto               ; Auto               ;
; Resource Aware Inference For Block RAM                                          ; On                 ; On                 ;
+---------------------------------------------------------------------------------+--------------------+--------------------+


+------------------------------------------+
; Parallel Compilation                     ;
+----------------------------+-------------+
; Processors                 ; Number      ;
+----------------------------+-------------+
; Number detected on machine ; 4           ;
; Maximum allowed            ; 2           ;
;                            ;             ;
; Average used               ; 1.00        ;
; Maximum used               ; 1           ;
;                            ;             ;
; Usage by Processor         ; % Time Used ;
;     Processor 1            ; 100.0%      ;
+----------------------------+-------------+


+------------------------------------------------------------------------------------------------------------------------------------+
; Analysis & Synthesis Source Files Read                                                                                             ;
+----------------------------------+-----------------+-----------------+---------------------------------------------------+---------+
; File Name with User-Entered Path ; Used in Netlist ; File Type       ; File Name with Absolute Path                      ; Library ;
+----------------------------------+-----------------+-----------------+---------------------------------------------------+---------+
; CONTROL.vhd                      ; yes             ; User VHDL File  ; C:/Users/Victor/Documents/Processador/CONTROL.vhd ;         ;
+----------------------------------+-----------------+-----------------+---------------------------------------------------+---------+


+-----------------------------------------------------------------+
; Analysis & Synthesis Resource Usage Summary                     ;
+-----------------------------------------------+-----------------+
; Resource                                      ; Usage           ;
+-----------------------------------------------+-----------------+
; Estimated ALUTs Used                          ; 42              ;
;     -- Combinational ALUTs                    ; 42              ;
;     -- Memory ALUTs                           ; 0               ;
;     -- LUT_REGs                               ; 0               ;
; Dedicated logic registers                     ; 0               ;
;                                               ;                 ;
; Estimated ALUTs Unavailable                   ; 0               ;
;     -- Due to unpartnered combinational logic ; 0               ;
;     -- Due to Memory ALUTs                    ; 0               ;
;                                               ;                 ;
; Total combinational functions                 ; 42              ;
; Combinational ALUT usage by number of inputs  ;                 ;
;     -- 7 input functions                      ; 0               ;
;     -- 6 input functions                      ; 0               ;
;     -- 5 input functions                      ; 10              ;
;     -- 4 input functions                      ; 15              ;
;     -- <=3 input functions                    ; 17              ;
;                                               ;                 ;
; Combinational ALUTs by mode                   ;                 ;
;     -- normal mode                            ; 42              ;
;     -- extended LUT mode                      ; 0               ;
;     -- arithmetic mode                        ; 0               ;
;     -- shared arithmetic mode                 ; 0               ;
;                                               ;                 ;
; Estimated ALUT/register pairs used            ; 42              ;
;                                               ;                 ;
; Total registers                               ; 0               ;
;     -- Dedicated logic registers              ; 0               ;
;     -- I/O registers                          ; 0               ;
;     -- LUT_REGs                               ; 0               ;
;                                               ;                 ;
;                                               ;                 ;
; I/O pins                                      ; 20              ;
;                                               ;                 ;
; DSP block 18-bit elements                     ; 0               ;
;                                               ;                 ;
; Maximum fan-out node                          ; opcode[1]~input ;
; Maximum fan-out                               ; 27              ;
; Total fan-out                                 ; 209             ;
; Average fan-out                               ; 2.55            ;
+-----------------------------------------------+-----------------+


+----------------------------------------------------------------------------------------------------------------------------------------------------------------------------------------------------------------------------------------+
; Analysis & Synthesis Resource Utilization by Entity                                                                                                                                                                                    ;
+----------------------------+---------------------+---------------------------+-------------------+--------------+---------+-----------+-----------+-----------+------+--------------+---------------------+-------------+--------------+
; Compilation Hierarchy Node ; Combinational ALUTs ; Dedicated Logic Registers ; Block Memory Bits ; DSP Elements ; DSP 9x9 ; DSP 12x12 ; DSP 18x18 ; DSP 36x36 ; Pins ; Virtual Pins ; Full Hierarchy Name ; Entity Name ; Library Name ;
+----------------------------+---------------------+---------------------------+-------------------+--------------+---------+-----------+-----------+-----------+------+--------------+---------------------+-------------+--------------+
; |CONTROL                   ; 42 (42)             ; 0 (0)                     ; 0                 ; 0            ; 0       ; 0         ; 0         ; 0         ; 20   ; 0            ; |CONTROL            ; CONTROL     ; work         ;
+----------------------------+---------------------+---------------------------+-------------------+--------------+---------+-----------+-----------+-----------+------+--------------+---------------------+-------------+--------------+
Note: For table entries with two numbers listed, the numbers in parentheses indicate the number of resources of the given type used by the specific entity alone. The numbers listed outside of parentheses indicate the total resources of the given type used by the specific entity and all of its sub-entities in the hierarchy.


+----------------------------------------------------------------------------------------------------+
; User-Specified and Inferred Latches                                                                ;
+-----------------------------------------------------+---------------------+------------------------+
; Latch Name                                          ; Latch Enable Signal ; Free of Timing Hazards ;
+-----------------------------------------------------+---------------------+------------------------+
; regDst$latch                                        ; GND                 ; yes                    ;
; escMem_655                                          ; GND                 ; yes                    ;
; lerMem$latch                                        ; GND                 ; yes                    ;
; memParaReg$latch                                    ; GND                 ; yes                    ;
; escReg$latch                                        ; GND                 ; yes                    ;
; desvio$latch                                        ; GND                 ; yes                    ;
; ulaOP[0]$latch                                      ; GND                 ; yes                    ;
; ulaOP[1]$latch                                      ; GND                 ; yes                    ;
; ulaOP[2]$latch                                      ; GND                 ; yes                    ;
; ulaOP[3]$latch                                      ; GND                 ; yes                    ;
; ulaOP[4]$latch                                      ; GND                 ; yes                    ;
; ulaOP[5]$latch                                      ; GND                 ; yes                    ;
; ulaOP[6]$latch                                      ; GND                 ; yes                    ;
; ulaOP[7]$latch                                      ; GND                 ; yes                    ;
; Number of user-specified and inferred latches = 14  ;                     ;                        ;
+-----------------------------------------------------+---------------------+------------------------+
Note: All latches listed above may not be present at the end of synthesis due to various synthesis optimizations.


+------------------------------------------------------+
; General Register Statistics                          ;
+----------------------------------------------+-------+
; Statistic                                    ; Value ;
+----------------------------------------------+-------+
; Total registers                              ; 0     ;
; Number of registers using Synchronous Clear  ; 0     ;
; Number of registers using Synchronous Load   ; 0     ;
; Number of registers using Asynchronous Clear ; 0     ;
; Number of registers using Asynchronous Load  ; 0     ;
; Number of registers using Clock Enable       ; 0     ;
; Number of registers using Preset             ; 0     ;
+----------------------------------------------+-------+


+------------------------------------------------------------------------------------------------------------------------------------------+
; Multiplexer Restructuring Statistics (Restructuring Performed)                                                                           ;
+--------------------+-----------+---------------+----------------------+------------------------+------------+----------------------------+
; Multiplexer Inputs ; Bus Width ; Baseline Area ; Area if Restructured ; Saving if Restructured ; Registered ; Example Multiplexer Output ;
+--------------------+-----------+---------------+----------------------+------------------------+------------+----------------------------+
; 3:1                ; 2 bits    ; 4 ALUTs       ; 4 ALUTs              ; 0 ALUTs                ; No         ; |CONTROL|lerMem            ;
; 9:1                ; 2 bits    ; 12 ALUTs      ; 12 ALUTs             ; 0 ALUTs                ; No         ; |CONTROL|ulaOP[2]          ;
+--------------------+-----------+---------------+----------------------+------------------------+------------+----------------------------+


+-----------------------------------------------------+
; Post-Synthesis Netlist Statistics for Top Partition ;
+-----------------------+-----------------------------+
; Type                  ; Count                       ;
+-----------------------+-----------------------------+
; arriaii_io_obuf       ; 15                          ;
; boundary_port         ; 20                          ;
; stratixiv_lcell_comb  ; 42                          ;
;     normal            ; 42                          ;
;         2 data inputs ; 1                           ;
;         3 data inputs ; 16                          ;
;         4 data inputs ; 15                          ;
;         5 data inputs ; 10                          ;
;                       ;                             ;
; Max LUT depth         ; 3.00                        ;
; Average LUT depth     ; 1.59                        ;
+-----------------------+-----------------------------+


+-------------------------------+
; Elapsed Time Per Partition    ;
+----------------+--------------+
; Partition Name ; Elapsed Time ;
+----------------+--------------+
; Top            ; 00:00:00     ;
+----------------+--------------+


+-------------------------------+
; Analysis & Synthesis Messages ;
+-------------------------------+
Info: *******************************************************************
Info: Running Quartus Prime Analysis & Synthesis
    Info: Version 17.0.0 Build 595 04/25/2017 SJ Lite Edition
    Info: Processing started: Thu Nov 01 12:27:02 2018
Info: Command: quartus_map --read_settings_files=on --write_settings_files=off PROCESSADOR -c PROCESSADOR
Warning (18236): Number of processors has not been specified which may cause overloading on shared machines.  Set the global assignment NUM_PARALLEL_PROCESSORS in your QSF to an appropriate value for best performance.
Info (20030): Parallel compilation is enabled and will use 2 of the 2 processors detected
Info (12021): Found 2 design units, including 1 entities, in source file control.vhd
    Info (12022): Found design unit 1: CONTROL-CONTROL16_BH File: C:/Users/Victor/Documents/Processador/CONTROL.vhd Line: 21
    Info (12023): Found entity 1: CONTROL File: C:/Users/Victor/Documents/Processador/CONTROL.vhd Line: 6
Info (12021): Found 2 design units, including 1 entities, in source file extensor16.vhd
    Info (12022): Found design unit 1: EXTENSOR16-implements File: C:/Users/Victor/Documents/Processador/EXTENSOR16.vhd Line: 13
    Info (12023): Found entity 1: EXTENSOR16 File: C:/Users/Victor/Documents/Processador/EXTENSOR16.vhd Line: 4
Info (12021): Found 2 design units, including 1 entities, in source file ram16.vhd
    Info (12022): Found design unit 1: RAM16-RAM_BH File: C:/Users/Victor/Documents/Processador/RAM16.vhd Line: 15
    Info (12023): Found entity 1: RAM16 File: C:/Users/Victor/Documents/Processador/RAM16.vhd Line: 5
Info (12021): Found 2 design units, including 1 entities, in source file regbank16.vhd
    Info (12022): Found design unit 1: REGBANK16-REGBANK16_BH File: C:/Users/Victor/Documents/Processador/REGBANK16.vhd Line: 18
    Info (12023): Found entity 1: REGBANK16 File: C:/Users/Victor/Documents/Processador/REGBANK16.vhd Line: 6
Info (12021): Found 2 design units, including 1 entities, in source file rom16.vhd
    Info (12022): Found design unit 1: ROM16-ROM_BH File: C:/Users/Victor/Documents/Processador/ROM16.vhd Line: 13
    Info (12023): Found entity 1: ROM16 File: C:/Users/Victor/Documents/Processador/ROM16.vhd Line: 6
Info (12021): Found 2 design units, including 1 entities, in source file soma4.vhd
    Info (12022): Found design unit 1: SOMA4-SOMA4_BH File: C:/Users/Victor/Documents/Processador/SOMA4.vhd Line: 16
    Info (12023): Found entity 1: SOMA4 File: C:/Users/Victor/Documents/Processador/SOMA4.vhd Line: 6
Info (12021): Found 2 design units, including 1 entities, in source file soma16bits.vhd
    Info (12022): Found design unit 1: SOMA16BITS-adder_bh File: C:/Users/Victor/Documents/Processador/SOMA16BITS.vhd Line: 15
    Info (12023): Found entity 1: SOMA16BITS File: C:/Users/Victor/Documents/Processador/SOMA16BITS.vhd Line: 6
Info (12021): Found 2 design units, including 1 entities, in source file qand.vhd
    Info (12022): Found design unit 1: Qand-implements File: C:/Users/Victor/Documents/Processador/Qand.vhd Line: 12
    Info (12023): Found entity 1: Qand File: C:/Users/Victor/Documents/Processador/Qand.vhd Line: 4
Info (12021): Found 2 design units, including 1 entities, in source file qor.vhd
    Info (12022): Found design unit 1: Qor-implements File: C:/Users/Victor/Documents/Processador/Qor.vhd Line: 14
    Info (12023): Found entity 1: Qor File: C:/Users/Victor/Documents/Processador/Qor.vhd Line: 4
Info (12021): Found 2 design units, including 1 entities, in source file qxor.vhd
    Info (12022): Found design unit 1: Qxor-implements File: C:/Users/Victor/Documents/Processador/Qxor.vhd Line: 13
    Info (12023): Found entity 1: Qxor File: C:/Users/Victor/Documents/Processador/Qxor.vhd Line: 4
Info (12021): Found 2 design units, including 1 entities, in source file shift_2bits.vhd
    Info (12022): Found design unit 1: Shift_2bits-implements File: C:/Users/Victor/Documents/Processador/Shift_2bits.vhd Line: 13
    Info (12023): Found entity 1: Shift_2bits File: C:/Users/Victor/Documents/Processador/Shift_2bits.vhd Line: 4
Info (12021): Found 2 design units, including 1 entities, in source file ula.vhd
    Info (12022): Found design unit 1: Ula-implements File: C:/Users/Victor/Documents/Processador/Ula.vhd Line: 15
    Info (12023): Found entity 1: Ula File: C:/Users/Victor/Documents/Processador/Ula.vhd Line: 4
Info (12021): Found 2 design units, including 1 entities, in source file multiplexer_4op.vhd
    Info (12022): Found design unit 1: multiplexer_4op-implements File: C:/Users/Victor/Documents/Processador/multiplexer_4op.vhd Line: 13
    Info (12023): Found entity 1: multiplexer_4op File: C:/Users/Victor/Documents/Processador/multiplexer_4op.vhd Line: 4
Info (12021): Found 2 design units, including 1 entities, in source file multiplexer_5pos.vhd
    Info (12022): Found design unit 1: Multiplexer_5pos-implements File: C:/Users/Victor/Documents/Processador/Multiplexer_5pos.vhd Line: 14
    Info (12023): Found entity 1: Multiplexer_5pos File: C:/Users/Victor/Documents/Processador/Multiplexer_5pos.vhd Line: 4
Info (12127): Elaborating entity "CONTROL" for the top level hierarchy
Warning (10631): VHDL Process Statement warning at CONTROL.vhd(24): inferring latch(es) for signal or variable "regDst", which holds its previous value in one or more paths through the process File: C:/Users/Victor/Documents/Processador/CONTROL.vhd Line: 24
Warning (10631): VHDL Process Statement warning at CONTROL.vhd(24): inferring latch(es) for signal or variable "ulaFont", which holds its previous value in one or more paths through the process File: C:/Users/Victor/Documents/Processador/CONTROL.vhd Line: 24
Warning (10631): VHDL Process Statement warning at CONTROL.vhd(24): inferring latch(es) for signal or variable "memParaReg", which holds its previous value in one or more paths through the process File: C:/Users/Victor/Documents/Processador/CONTROL.vhd Line: 24
Warning (10631): VHDL Process Statement warning at CONTROL.vhd(24): inferring latch(es) for signal or variable "escReg", which holds its previous value in one or more paths through the process File: C:/Users/Victor/Documents/Processador/CONTROL.vhd Line: 24
Warning (10631): VHDL Process Statement warning at CONTROL.vhd(24): inferring latch(es) for signal or variable "lerMem", which holds its previous value in one or more paths through the process File: C:/Users/Victor/Documents/Processador/CONTROL.vhd Line: 24
Warning (10631): VHDL Process Statement warning at CONTROL.vhd(24): inferring latch(es) for signal or variable "escMem", which holds its previous value in one or more paths through the process File: C:/Users/Victor/Documents/Processador/CONTROL.vhd Line: 24
Warning (10631): VHDL Process Statement warning at CONTROL.vhd(24): inferring latch(es) for signal or variable "desvio", which holds its previous value in one or more paths through the process File: C:/Users/Victor/Documents/Processador/CONTROL.vhd Line: 24
Warning (10631): VHDL Process Statement warning at CONTROL.vhd(24): inferring latch(es) for signal or variable "ulaOP", which holds its previous value in one or more paths through the process File: C:/Users/Victor/Documents/Processador/CONTROL.vhd Line: 24
Info (10041): Inferred latch for "ulaOP[0]" at CONTROL.vhd(24) File: C:/Users/Victor/Documents/Processador/CONTROL.vhd Line: 24
Info (10041): Inferred latch for "ulaOP[1]" at CONTROL.vhd(24) File: C:/Users/Victor/Documents/Processador/CONTROL.vhd Line: 24
Info (10041): Inferred latch for "ulaOP[2]" at CONTROL.vhd(24) File: C:/Users/Victor/Documents/Processador/CONTROL.vhd Line: 24
Info (10041): Inferred latch for "ulaOP[3]" at CONTROL.vhd(24) File: C:/Users/Victor/Documents/Processador/CONTROL.vhd Line: 24
Info (10041): Inferred latch for "ulaOP[4]" at CONTROL.vhd(24) File: C:/Users/Victor/Documents/Processador/CONTROL.vhd Line: 24
Info (10041): Inferred latch for "ulaOP[5]" at CONTROL.vhd(24) File: C:/Users/Victor/Documents/Processador/CONTROL.vhd Line: 24
Info (10041): Inferred latch for "ulaOP[6]" at CONTROL.vhd(24) File: C:/Users/Victor/Documents/Processador/CONTROL.vhd Line: 24
Info (10041): Inferred latch for "ulaOP[7]" at CONTROL.vhd(24) File: C:/Users/Victor/Documents/Processador/CONTROL.vhd Line: 24
Info (10041): Inferred latch for "desvio" at CONTROL.vhd(24) File: C:/Users/Victor/Documents/Processador/CONTROL.vhd Line: 24
Info (10041): Inferred latch for "escMem" at CONTROL.vhd(24) File: C:/Users/Victor/Documents/Processador/CONTROL.vhd Line: 24
Info (10041): Inferred latch for "lerMem" at CONTROL.vhd(24) File: C:/Users/Victor/Documents/Processador/CONTROL.vhd Line: 24
Info (10041): Inferred latch for "escReg" at CONTROL.vhd(24) File: C:/Users/Victor/Documents/Processador/CONTROL.vhd Line: 24
Info (10041): Inferred latch for "memParaReg" at CONTROL.vhd(24) File: C:/Users/Victor/Documents/Processador/CONTROL.vhd Line: 24
Info (10041): Inferred latch for "ulaFont" at CONTROL.vhd(24) File: C:/Users/Victor/Documents/Processador/CONTROL.vhd Line: 24
Info (10041): Inferred latch for "regDst" at CONTROL.vhd(24) File: C:/Users/Victor/Documents/Processador/CONTROL.vhd Line: 24
Info (286030): Timing-Driven Synthesis is running
Info (16010): Generating hard_block partition "hard_block:auto_generated_inst"
    Info (16011): Adding 0 node(s), including 0 DDIO, 0 PLL, 0 transceiver and 0 LCELL
Info (21057): Implemented 62 device resources after synthesis - the final resource count might be different
    Info (21058): Implemented 5 input pins
    Info (21059): Implemented 15 output pins
    Info (21061): Implemented 42 logic cells
Info: Quartus Prime Analysis & Synthesis was successful. 0 errors, 9 warnings
    Info: Peak virtual memory: 4883 megabytes
    Info: Processing ended: Thu Nov 01 12:27:20 2018
    Info: Elapsed time: 00:00:18
    Info: Total CPU time (on all processors): 00:00:39


